Traceback (most recent call last):
  File "c:\anaconda\lib\site-packages\spyder\app\mainwindow.py", line 3011, in main
    mainwindow = run_spyder(app, options, args)
  File "c:\anaconda\lib\site-packages\spyder\app\mainwindow.py", line 2913, in run_spyder
    main.setup()
  File "c:\anaconda\lib\site-packages\spyder\app\mainwindow.py", line 860, in setup
    from spyder.plugins.externalconsole import ExternalConsole
  File "c:\anaconda\lib\site-packages\spyder\plugins\externalconsole.py", line 39, in <module>
    from spyder.widgets.externalshell.pythonshell import ExternalPythonShell
  File "c:\anaconda\lib\site-packages\spyder\widgets\externalshell\pythonshell.py", line 34, in <module>
    from spyder.widgets.variableexplorer.namespacebrowser import NamespaceBrowser
  File "c:\anaconda\lib\site-packages\spyder\widgets\variableexplorer\namespacebrowser.py", line 26, in <module>
    import ipykernel.pickleutil
  File "c:\anaconda\lib\site-packages\ipykernel\__init__.py", line 2, in <module>
    from .connect import *
  File "c:\anaconda\lib\site-packages\ipykernel\connect.py", line 13, in <module>
    from IPython.core.profiledir import ProfileDir
  File "c:\anaconda\lib\site-packages\IPython\__init__.py", line 49, in <module>
    from .terminal.embed import embed
  File "c:\anaconda\lib\site-packages\IPython\terminal\embed.py", line 17, in <module>
    from IPython.core.interactiveshell import DummyMod, InteractiveShell
  File "c:\anaconda\lib\site-packages\IPython\core\interactiveshell.py", line 54, in <module>
    from IPython.core.logger import Logger
ValueError: source code string cannot contain null bytes
